<?xml version="1.0" encoding="UTF-8"?>
<!-- Generated by org.testng.reporters.JUnitReportReporter -->
<testsuite hostname="LAPTOP-AG8IO77N" name="Runner.TestRunner" tests="1" failures="0" timestamp="12 Feb 2017 06:09:22 GMT" time="47.683" errors="0">
  <testcase name="feature" time="47.683" classname="Runner.TestRunner"/>
</testsuite> <!-- Runner.TestRunner -->
